Building file: ../ultrasonic.c
Invoking: AVR Compiler
avr-gcc -Wall -g2 -gstabs -O0 -fpack-struct -fshort-enums -ffunction-sections -fdata-sections -std=gnu99 -funsigned-char -funsigned-bitfields -mmcu=atmega16 -DF_CPU=1000000UL -MMD -MP -MF"ultrasonic.d" -MT"ultrasonic.o" -c -o "ultrasonic.o" "../ultrasonic.c"
In file included from ../ultrasonic.c:11:
c:/winavr-20100110/lib/gcc/../../avr/include/util/delay.h:90:3: warning: #warning "Compiler optimizations disabled; functions from <util/delay.h> won't work as designed"
Finished building: ../ultrasonic.c
 
Building target: miniProject4.elf
Invoking: AVR C Linker
avr-gcc -Wl,-Map,miniProject4.map -mmcu=atmega16 -o "miniProject4.elf"  ./gpio.o ./icu.o ./lcd.o ./miniproject4.o ./ultrasonic.o   
Finished building target: miniProject4.elf
 
Invoking: AVR Create Extended Listing
avr-objdump -h -S miniProject4.elf  >"miniProject4.lss"
Finished building: miniProject4.lss
 
Invoking: Print Size
avr-size --format=avr --mcu=atmega16 miniProject4.elf
AVR Memory Usage
----------------
Device: atmega16

Program:    9448 bytes (57.7% Full)
(.text + .data + .bootloader)

Data:        285 bytes (27.8% Full)
(.data + .bss + .noinit)


Finished building: sizedummy
 
??:??:?? **** Incremental Build of configuration Debug for project miniProject4 ****
make all 
Invoking: Print Size
avr-size --format=avr --mcu=atmega16 miniProject4.elf
AVR Memory Usage
----------------
Device: atmega16

Program:    9448 bytes (57.7% Full)
(.text + .data + .bootloader)

Data:        285 bytes (27.8% Full)
(.data + .bss + .noinit)


Finished building: sizedummy
 
??:??:?? **** Incremental Build of configuration Debug for project miniProject4 ****
make all 
Building file: ../miniproject4.c
Invoking: AVR Compiler
avr-gcc -Wall -g2 -gstabs -O0 -fpack-struct -fshort-enums -ffunction-sections -fdata-sections -std=gnu99 -funsigned-char -funsigned-bitfields -mmcu=atmega16 -DF_CPU=1000000UL -MMD -MP -MF"miniproject4.d" -MT"miniproject4.o" -c -o "miniproject4.o" "../miniproject4.c"
Finished building: ../miniproject4.c
 
Building target: miniProject4.elf
Invoking: AVR C Linker
avr-gcc -Wl,-Map,miniProject4.map -mmcu=atmega16 -o "miniProject4.elf"  ./gpio.o ./icu.o ./lcd.o ./miniproject4.o ./ultrasonic.o   
Finished building target: miniProject4.elf
 
Invoking: AVR Create Extended Listing
avr-objdump -h -S miniProject4.elf  >"miniProject4.lss"
Finished building: miniProject4.lss
 
Invoking: Print Size
avr-size --format=avr --mcu=atmega16 miniProject4.elf
AVR Memory Usage
----------------
Device: atmega16

Program:    9454 bytes (57.7% Full)
(.text + .data + .bootloader)

Data:        285 bytes (27.8% Full)
(.data + .bss + .noinit)


Finished building: sizedummy
 
??:??:?? **** Incremental Build of configuration Debug for project miniProject4 ****
make all 
Invoking: Print Size
avr-size --format=avr --mcu=atmega16 miniProject4.elf
AVR Memory Usage
----------------
Device: atmega16

Program:    9454 bytes (57.7% Full)
(.text + .data + .bootloader)

Data:        285 bytes (27.8% Full)
(.data + .bss + .noinit)


Finished building: sizedummy
 
??:??:?? **** Incremental Build of configuration Debug for project miniProject4 ****
make all 
Invoking: Print Size
avr-size --format=avr --mcu=atmega16 miniProject4.elf
AVR Memory Usage
----------------
Device: atmega16

Program:    9454 bytes (57.7% Full)
(.text + .data + .bootloader)

Data:        285 bytes (27.8% Full)
(.data + .bss + .noinit)


Finished building: sizedummy
 
??:??:?? **** Incremental Build of configuration Debug for project miniProject4 ****
make all 
Building file: ../miniproject4.c
Invoking: AVR Compiler
avr-gcc -Wall -g2 -gstabs -O0 -fpack-struct -fshort-enums -ffunction-sections -fdata-sections -std=gnu99 -funsigned-char -funsigned-bitfields -mmcu=atmega16 -DF_CPU=1000000UL -MMD -MP -MF"miniproject4.d" -MT"miniproject4.o" -c -o "miniproject4.o" "../miniproject4.c"
Finished building: ../miniproject4.c
 
Building file: ../ultrasonic.c
Invoking: AVR Compiler
avr-gcc -Wall -g2 -gstabs -O0 -fpack-struct -fshort-enums -ffunction-sections -fdata-sections -std=gnu99 -funsigned-char -funsigned-bitfields -mmcu=atmega16 -DF_CPU=1000000UL -MMD -MP -MF"ultrasonic.d" -MT"ultrasonic.o" -c -o "ultrasonic.o" "../ultrasonic.c"
In file included from ../ultrasonic.c:11:
c:/winavr-20100110/lib/gcc/../../avr/include/util/delay.h:90:3: warning: #warning "Compiler optimizations disabled; functions from <util/delay.h> won't work as designed"
Finished building: ../ultrasonic.c
 
Building target: miniProject4.elf
Invoking: AVR C Linker
avr-gcc -Wl,-Map,miniProject4.map -mmcu=atmega16 -o "miniProject4.elf"  ./gpio.o ./icu.o ./lcd.o ./miniproject4.o ./ultrasonic.o   
Finished building target: miniProject4.elf
 
Invoking: AVR Create Extended Listing
avr-objdump -h -S miniProject4.elf  >"miniProject4.lss"
Finished building: miniProject4.lss
 
Invoking: Print Size
avr-size --format=avr --mcu=atmega16 miniProject4.elf
AVR Memory Usage
----------------
Device: atmega16

Program:    9454 bytes (57.7% Full)
(.text + .data + .bootloader)

Data:        285 bytes (27.8% Full)
(.data + .bss + .noinit)


Finished building: sizedummy
 
??:??:?? **** Incremental Build of configuration Debug for project miniProject4 ****
make all 
Invoking: Print Size
avr-size --format=avr --mcu=atmega16 miniProject4.elf
AVR Memory Usage
----------------
Device: atmega16

Program:    9454 bytes (57.7% Full)
(.text + .data + .bootloader)

Data:        285 bytes (27.8% Full)
(.data + .bss + .noinit)


Finished building: sizedummy
 
??:??:?? **** Incremental Build of configuration Debug for project miniProject4 ****
make all 
Building file: ../gpio.c
Invoking: AVR Compiler
avr-gcc -Wall -g2 -gstabs -O0 -fpack-struct -fshort-enums -ffunction-sections -fdata-sections -std=gnu99 -funsigned-char -funsigned-bitfields -mmcu=atmega16 -DF_CPU=1000000UL -MMD -MP -MF"gpio.d" -MT"gpio.o" -c -o "gpio.o" "../gpio.c"
Finished building: ../gpio.c
 
Building file: ../icu.c
Invoking: AVR Compiler
avr-gcc -Wall -g2 -gstabs -O0 -fpack-struct -fshort-enums -ffunction-sections -fdata-sections -std=gnu99 -funsigned-char -funsigned-bitfields -mmcu=atmega16 -DF_CPU=1000000UL -MMD -MP -MF"icu.d" -MT"icu.o" -c -o "icu.o" "../icu.c"
../icu.c: In function 'Icu_setCallBack':
../icu.c:82: warning: function return types not compatible due to 'volatile'
Finished building: ../icu.c
 
Building file: ../lcd.c
Invoking: AVR Compiler
avr-gcc -Wall -g2 -gstabs -O0 -fpack-struct -fshort-enums -ffunction-sections -fdata-sections -std=gnu99 -funsigned-char -funsigned-bitfields -mmcu=atmega16 -DF_CPU=1000000UL -MMD -MP -MF"lcd.d" -MT"lcd.o" -c -o "lcd.o" "../lcd.c"
In file included from ../lcd.c:13:
c:/winavr-20100110/lib/gcc/../../avr/include/util/delay.h:93:3: warning: #warning "Compiler optimizations disabled; functions from <util/delay.h> won't work as designed"
../lcd.c: In function 'LCD_intgerToString':
../lcd.c:145: warning: implicit declaration of function 'itoa'
Finished building: ../lcd.c
 
Building file: ../miniproject4.c
Invoking: AVR Compiler
avr-gcc -Wall -g2 -gstabs -O0 -fpack-struct -fshort-enums -ffunction-sections -fdata-sections -std=gnu99 -funsigned-char -funsigned-bitfields -mmcu=atmega16 -DF_CPU=1000000UL -MMD -MP -MF"miniproject4.d" -MT"miniproject4.o" -c -o "miniproject4.o" "../miniproject4.c"
Finished building: ../miniproject4.c
 
Building file: ../ultrasonic.c
Invoking: AVR Compiler
avr-gcc -Wall -g2 -gstabs -O0 -fpack-struct -fshort-enums -ffunction-sections -fdata-sections -std=gnu99 -funsigned-char -funsigned-bitfields -mmcu=atmega16 -DF_CPU=1000000UL -MMD -MP -MF"ultrasonic.d" -MT"ultrasonic.o" -c -o "ultrasonic.o" "../ultrasonic.c"
In file included from ../ultrasonic.c:11:
c:/winavr-20100110/lib/gcc/../../avr/include/util/delay.h:93:3: warning: #warning "Compiler optimizations disabled; functions from <util/delay.h> won't work as designed"
Finished building: ../ultrasonic.c
 
Building target: miniProject4.elf
Invoking: AVR C Linker
avr-gcc -Wl,-Map,miniProject4.map -mmcu=atmega16 -o "miniProject4.elf"  ./gpio.o ./icu.o ./lcd.o ./miniproject4.o ./ultrasonic.o   
Finished building target: miniProject4.elf
 
Invoking: AVR Create Extended Listing
avr-objdump -h -S miniProject4.elf  >"miniProject4.lss"
Finished building: miniProject4.lss
 
Invoking: Print Size
avr-size --format=avr --mcu=atmega16 miniProject4.elf
AVR Memory Usage
----------------
Device: atmega16

Program:    9454 bytes (57.7% Full)
(.text + .data + .bootloader)

Data:        285 bytes (27.8% Full)
(.data + .bss + .noinit)


Finished building: sizedummy
 
??:??:?? **** Incremental Build of configuration Debug for project miniProject4 ****
make all 
Invoking: Print Size
avr-size --format=avr --mcu=atmega16 miniProject4.elf
AVR Memory Usage
----------------
Device: atmega16

Program:    9454 bytes (57.7% Full)
(.text + .data + .bootloader)

Data:        285 bytes (27.8% Full)
(.data + .bss + .noinit)


Finished building: sizedummy
 
??:??:?? **** Incremental Build of configuration Debug for project miniProject4 ****
make all 
Invoking: Print Size
avr-size --format=avr --mcu=atmega16 miniProject4.elf
AVR Memory Usage
----------------
Device: atmega16

Program:    9454 bytes (57.7% Full)
(.text + .data + .bootloader)

Data:        285 bytes (27.8% Full)
(.data + .bss + .noinit)


Finished building: sizedummy
 
