??:??:?? **** Incremental Build of configuration Debug for project ehaab ****
make all 
Building file: ../main.c
Invoking: AVR Compiler
avr-gcc -Wall -g2 -gstabs -O0 -fpack-struct -fshort-enums -ffunction-sections -fdata-sections -std=gnu99 -funsigned-char -funsigned-bitfields -mmcu=atmega16 -DF_CPU=1000000UL -MMD -MP -MF"main.d" -MT"main.o" -c -o "main.o" "../main.c"
Finished building: ../main.c
 
Building target: ehaab.elf
Invoking: AVR C Linker
avr-gcc -Wl,-Map,ehaab.map -mmcu=atmega16 -o "ehaab.elf"  ./main.o   
Finished building target: ehaab.elf
 
Invoking: AVR Create Extended Listing
avr-objdump -h -S ehaab.elf  >"ehaab.lss"
Finished building: ehaab.lss
 
Invoking: Print Size
avr-size --format=avr --mcu=atmega16 ehaab.elf
AVR Memory Usage
----------------
Device: atmega16

Program:     130 bytes (0.8% Full)
(.text + .data + .bootloader)

Data:          0 bytes (0.0% Full)
(.data + .bss + .noinit)


Finished building: sizedummy
 

??:??:?? Build Finished. 0 errors, 0 warnings. (took 648ms)

